2015-02-26 14:10:17.420 Kiosk[41915:1409126] DiskCookieStorage changing policy from 2 to 0, cookie file: file:///Users/sm52286/Library/Developer/CoreSimulator/Devices/68473B18-1E8F-4D0C-9FAC-25B0D226BD18/data/Containers/Data/Application/B972800F-C56C-4A51-8937-755B92BB60A0/Library/Cookies/Cookies.binarycookies
2015-02-26 14:10:17.583 Kiosk[41915:1409126] Apache Cordova native platform version 3.7.0 is starting.
2015-02-26 14:10:17.584 Kiosk[41915:1409126] Multi-tasking -> Device: YES, App: YES
2015-02-26 14:10:17.608 Kiosk[41915:1409126] Unlimited access to network resources
2015-02-26 14:10:17.617 Kiosk[41915:1409126] 

Started backup to iCloud! Please be careful.
Your application might be rejected by Apple if you store too much data.
For more information please read "iOS Data Storage Guidelines" at:
https://developer.apple.com/icloud/documentation/data-storage/
To disable web storage backup to iCloud, set the BackupWebStorage preference to "local" in the Cordova config.xml file

2015-02-26 14:10:18.446 Kiosk[41915:1409126] Resetting plugins due to page load.
2015-02-26 14:10:18.503 Kiosk[41915:1409126] Finished load of: file:///Users/sm52286/Library/Developer/CoreSimulator/Devices/68473B18-1E8F-4D0C-9FAC-25B0D226BD18/data/Containers/Bundle/Application/BF57A116-868C-48E5-B9B7-58205CC75676/Kiosk.app/www/index.html
2015-02-26 14:13:55.035 Kiosk[42066:1411459] DiskCookieStorage changing policy from 2 to 0, cookie file: file:///Users/sm52286/Library/Developer/CoreSimulator/Devices/68473B18-1E8F-4D0C-9FAC-25B0D226BD18/data/Containers/Data/Application/BFC1DD65-6262-42B1-9463-0F1255C2A188/Library/Cookies/Cookies.binarycookies
2015-02-26 14:13:55.126 Kiosk[42066:1411459] Apache Cordova native platform version 3.7.0 is starting.
2015-02-26 14:13:55.127 Kiosk[42066:1411459] Multi-tasking -> Device: YES, App: YES
2015-02-26 14:13:55.129 Kiosk[42066:1411459] Unlimited access to network resources
2015-02-26 14:13:55.131 Kiosk[42066:1411459] 

Started backup to iCloud! Please be careful.
Your application might be rejected by Apple if you store too much data.
For more information please read "iOS Data Storage Guidelines" at:
https://developer.apple.com/icloud/documentation/data-storage/
To disable web storage backup to iCloud, set the BackupWebStorage preference to "local" in the Cordova config.xml file

2015-02-26 14:13:55.388 Kiosk[42066:1411459] Resetting plugins due to page load.
2015-02-26 14:13:55.420 Kiosk[42066:1411459] Finished load of: file:///Users/sm52286/Library/Developer/CoreSimulator/Devices/68473B18-1E8F-4D0C-9FAC-25B0D226BD18/data/Containers/Bundle/Application/9A718FA5-1F41-47ED-BC1E-CB30BC7BE806/Kiosk.app/www/index.html
2015-02-26 14:13:55.422 Kiosk[42066:1411459] Resetting plugins due to page load.
2015-02-26 14:13:57.209 Kiosk[42066:1411459] Finished load of: http://save-point.herokuapp.com/dashboard/users.php?login=kiosk
2015-02-26 14:15:23.335 Kiosk[42307:1414009] DiskCookieStorage changing policy from 2 to 0, cookie file: file:///Users/sm52286/Library/Developer/CoreSimulator/Devices/68473B18-1E8F-4D0C-9FAC-25B0D226BD18/data/Containers/Data/Application/72F49607-3880-4B66-A37B-24F74134A215/Library/Cookies/Cookies.binarycookies
2015-02-26 14:15:23.436 Kiosk[42307:1414009] Apache Cordova native platform version 3.7.0 is starting.
2015-02-26 14:15:23.436 Kiosk[42307:1414009] Multi-tasking -> Device: YES, App: YES
2015-02-26 14:15:23.438 Kiosk[42307:1414009] Unlimited access to network resources
2015-02-26 14:15:23.440 Kiosk[42307:1414009] 

Started backup to iCloud! Please be careful.
Your application might be rejected by Apple if you store too much data.
For more information please read "iOS Data Storage Guidelines" at:
https://developer.apple.com/icloud/documentation/data-storage/
To disable web storage backup to iCloud, set the BackupWebStorage preference to "local" in the Cordova config.xml file

2015-02-26 14:15:23.675 Kiosk[42307:1414009] Resetting plugins due to page load.
2015-02-26 14:15:23.703 Kiosk[42307:1414009] Finished load of: file:///Users/sm52286/Library/Developer/CoreSimulator/Devices/68473B18-1E8F-4D0C-9FAC-25B0D226BD18/data/Containers/Bundle/Application/689974C4-FDFF-4C37-A61D-FC2D45ACEB92/Kiosk.app/www/index.html
2015-02-26 14:15:23.705 Kiosk[42307:1414009] Resetting plugins due to page load.
2015-02-26 14:15:24.000 Kiosk[42307:1414009] Finished load of: http://localhost:8800/dashboard/index.php
